<?xml version="1.0" encoding="UTF-8"?>
<testng-results ignored="2" total="4" passed="1" failed="1" skipped="0">
  <reporter-output>
  </reporter-output>
  <suite started-at="2023-07-09T12:43:51 IST" name="Suite" finished-at="2023-07-09T12:44:11 IST" duration-ms="20190">
    <groups>
    </groups>
    <test started-at="2023-07-09T12:43:51 IST" name="Test" finished-at="2023-07-09T12:44:11 IST" duration-ms="20190">
      <class name="com.demowebshop.test_scripts.Test_Script_smartphone_search">
        <test-method is-config="true" signature="reportconfig()[pri:0, instance:com.demowebshop.test_scripts.Test_Script_smartphone_search@3b6ddd1d]" started-at="2023-07-09T12:43:51 IST" name="reportconfig" finished-at="2023-07-09T12:43:51 IST" duration-ms="217" status="PASS">
          <reporter-output>
          </reporter-output>
        </test-method> <!-- reportconfig -->
        <test-method is-config="true" signature="openApp()[pri:0, instance:com.demowebshop.test_scripts.Test_Script_smartphone_search@3b6ddd1d]" started-at="2023-07-09T12:43:51 IST" name="openApp" finished-at="2023-07-09T12:43:57 IST" duration-ms="5252" status="PASS">
          <reporter-output>
          </reporter-output>
        </test-method> <!-- openApp -->
        <test-method is-config="true" signature="login()[pri:0, instance:com.demowebshop.test_scripts.Test_Script_smartphone_search@3b6ddd1d]" started-at="2023-07-09T12:43:57 IST" name="login" finished-at="2023-07-09T12:43:58 IST" duration-ms="1692" status="PASS">
          <reporter-output>
          </reporter-output>
        </test-method> <!-- login -->
        <test-method signature="smartphone()[pri:0, instance:com.demowebshop.test_scripts.Test_Script_smartphone_search@3b6ddd1d]" started-at="2023-07-09T12:43:58 IST" name="smartphone" finished-at="2023-07-09T12:43:59 IST" duration-ms="1137" status="PASS">
          <reporter-output>
          </reporter-output>
        </test-method> <!-- smartphone -->
        <test-method is-config="true" signature="logout()[pri:0, instance:com.demowebshop.test_scripts.Test_Script_smartphone_search@3b6ddd1d]" started-at="2023-07-09T12:43:59 IST" name="logout" finished-at="2023-07-09T12:44:00 IST" duration-ms="760" status="PASS">
          <reporter-output>
          </reporter-output>
        </test-method> <!-- logout -->
        <test-method is-config="true" signature="closeApp()[pri:0, instance:com.demowebshop.test_scripts.Test_Script_smartphone_search@3b6ddd1d]" started-at="2023-07-09T12:44:00 IST" name="closeApp" finished-at="2023-07-09T12:44:01 IST" duration-ms="1180" status="PASS">
          <reporter-output>
          </reporter-output>
        </test-method> <!-- closeApp -->
        <test-method is-config="true" signature="endReport()[pri:0, instance:com.demowebshop.test_scripts.Test_Script_smartphone_search@3b6ddd1d]" started-at="2023-07-09T12:44:11 IST" name="endReport" finished-at="2023-07-09T12:44:11 IST" duration-ms="153" status="PASS">
          <reporter-output>
          </reporter-output>
        </test-method> <!-- endReport -->
      </class> <!-- com.demowebshop.test_scripts.Test_Script_smartphone_search -->
      <class name="com.demowebshop.test_scripts.Test_Script_BusinessLogic">
        <test-method is-config="true" signature="openApp()[pri:0, instance:com.demowebshop.test_scripts.Test_Script_BusinessLogic@7e7be63f]" started-at="2023-07-09T12:44:01 IST" name="openApp" finished-at="2023-07-09T12:44:06 IST" duration-ms="5088" status="PASS">
          <reporter-output>
          </reporter-output>
        </test-method> <!-- openApp -->
        <test-method is-config="true" signature="login()[pri:0, instance:com.demowebshop.test_scripts.Test_Script_BusinessLogic@7e7be63f]" started-at="2023-07-09T12:44:06 IST" name="login" finished-at="2023-07-09T12:44:08 IST" duration-ms="1563" status="PASS">
          <reporter-output>
          </reporter-output>
        </test-method> <!-- login -->
        <test-method signature="script()[pri:0, instance:com.demowebshop.test_scripts.Test_Script_BusinessLogic@7e7be63f]" started-at="2023-07-09T12:44:08 IST" name="script" finished-at="2023-07-09T12:44:09 IST" duration-ms="819" status="FAIL">
          <exception class="java.lang.AssertionError">
            <message>
              <![CDATA[null]]>
            </message>
            <full-stacktrace>
              <![CDATA[java.lang.AssertionError: null
at org.testng.Assert.fail(Assert.java:99)
at org.testng.Assert.fail(Assert.java:106)
at com.demowebshop.test_scripts.Test_Script_BusinessLogic.script(Test_Script_BusinessLogic.java:18)
at java.base/jdk.internal.reflect.NativeMethodAccessorImpl.invoke0(Native Method)
at java.base/jdk.internal.reflect.NativeMethodAccessorImpl.invoke(NativeMethodAccessorImpl.java:77)
at java.base/jdk.internal.reflect.DelegatingMethodAccessorImpl.invoke(DelegatingMethodAccessorImpl.java:43)
at java.base/java.lang.reflect.Method.invoke(Method.java:568)
at org.testng.internal.MethodInvocationHelper.invokeMethod(MethodInvocationHelper.java:133)
at org.testng.internal.TestInvoker.invokeMethod(TestInvoker.java:598)
at org.testng.internal.TestInvoker.invokeTestMethod(TestInvoker.java:173)
at org.testng.internal.MethodRunner.runInSequence(MethodRunner.java:46)
at org.testng.internal.TestInvoker$MethodInvocationAgent.invoke(TestInvoker.java:824)
at org.testng.internal.TestInvoker.invokeTestMethods(TestInvoker.java:146)
at org.testng.internal.TestMethodWorker.invokeTestMethods(TestMethodWorker.java:146)
at org.testng.internal.TestMethodWorker.run(TestMethodWorker.java:128)
at java.base/java.util.ArrayList.forEach(ArrayList.java:1511)
at org.testng.TestRunner.privateRun(TestRunner.java:794)
at org.testng.TestRunner.run(TestRunner.java:596)
at org.testng.SuiteRunner.runTest(SuiteRunner.java:377)
at org.testng.SuiteRunner.runSequentially(SuiteRunner.java:371)
at org.testng.SuiteRunner.privateRun(SuiteRunner.java:332)
at org.testng.SuiteRunner.run(SuiteRunner.java:276)
at org.testng.SuiteRunnerWorker.runSuite(SuiteRunnerWorker.java:53)
at org.testng.SuiteRunnerWorker.run(SuiteRunnerWorker.java:96)
at org.testng.TestNG.runSuitesSequentially(TestNG.java:1212)
at org.testng.TestNG.runSuitesLocally(TestNG.java:1134)
at org.testng.TestNG.runSuites(TestNG.java:1063)
at org.testng.TestNG.run(TestNG.java:1031)
at org.testng.remote.AbstractRemoteTestNG.run(AbstractRemoteTestNG.java:115)
at org.testng.remote.RemoteTestNG.initAndRun(RemoteTestNG.java:251)
at org.testng.remote.RemoteTestNG.main(RemoteTestNG.java:77)
]]>
            </full-stacktrace>
          </exception> <!-- java.lang.AssertionError -->
          <reporter-output>
          </reporter-output>
        </test-method> <!-- script -->
        <test-method is-config="true" signature="logout()[pri:0, instance:com.demowebshop.test_scripts.Test_Script_BusinessLogic@7e7be63f]" started-at="2023-07-09T12:44:09 IST" name="logout" finished-at="2023-07-09T12:44:10 IST" duration-ms="732" status="PASS">
          <reporter-output>
          </reporter-output>
        </test-method> <!-- logout -->
        <test-method is-config="true" signature="closeApp()[pri:0, instance:com.demowebshop.test_scripts.Test_Script_BusinessLogic@7e7be63f]" started-at="2023-07-09T12:44:10 IST" name="closeApp" finished-at="2023-07-09T12:44:11 IST" duration-ms="1345" status="PASS">
          <reporter-output>
          </reporter-output>
        </test-method> <!-- closeApp -->
      </class> <!-- com.demowebshop.test_scripts.Test_Script_BusinessLogic -->
    </test> <!-- Test -->
  </suite> <!-- Suite -->
</testng-results>
