<?xml version="1.0" encoding="UTF-8"?>
<!-- Generated by org.testng.reporters.JUnitXMLReporter -->
<testsuite ignored="2" hostname="DESKTOP-AOFC2TM" failures="1" tests="2" name="Test" time="20.19" errors="0" timestamp="2023-07-09T12:44:11 IST">
  <testcase classname="com.demowebshop.test_scripts.Test_Script_smartphone_search" name="smartphone" time="1.137"/>
  <testcase classname="com.demowebshop.test_scripts.Test_Script_BusinessLogic" name="script" time="0.819">
    <failure type="java.lang.AssertionError" message="null">
      <![CDATA[java.lang.AssertionError: null
at com.demowebshop.test_scripts.Test_Script_BusinessLogic.script(Test_Script_BusinessLogic.java:18)
at java.base/java.util.ArrayList.forEach(ArrayList.java:1511)
... Removed 29 stack frames]]>
    </failure>
  </testcase> <!-- script -->
  <testcase classname="com.demowebshop.generic.Base_Class" name="@AfterTest endReport" time="0.0">
    <ignored/>
  </testcase> <!-- @AfterTest endReport -->
  <testcase classname="com.demowebshop.generic.Base_Class" name="@BeforeTest reportconfig" time="0.0">
    <ignored/>
  </testcase> <!-- @BeforeTest reportconfig -->
</testsuite> <!-- Test -->
